<?xml version="1.0" encoding="UTF-8"?>
<testsuite name="addressbook.AddressBookTest" tests="1" skipped="0" failures="0" errors="0" timestamp="2021-05-15T17:52:10" hostname="MRUNAL" time="0.943">
  <properties/>
  <testcase name="given4Entries_WhenAdded_ShouldGetAdded()" classname="addressbook.AddressBookTest" time="0.943"/>
  <system-out><![CDATA[Connecting to database:jdbc:mysql://localhost:3306/Address_book_serviceDB
Connection is successful!!!com.mysql.cj.jdbc.ConnectionImpl@3ad5b6c0
Connecting to database:jdbc:mysql://localhost:3306/Address_book_serviceDB
Connection is successful!!!com.mysql.cj.jdbc.ConnectionImpl@331d4ccc
Multiple contacts added
Contact Details added succesfully
Sayi
Connecting to database:jdbc:mysql://localhost:3306/Address_book_serviceDB
Connection is successful!!!com.mysql.cj.jdbc.ConnectionImpl@25542c78
Multiple contacts added
Contact Details added succesfully
Sonali
Time Took: PT0.1971287S
]]></system-out>
  <system-err><![CDATA[]]></system-err>
</testsuite>
