<?xml version="1.0" encoding="UTF-8"?>
<testsuite name="addressbook.AddressBookTest" tests="1" skipped="0" failures="0" errors="0" timestamp="2021-05-15T14:55:03" hostname="MRUNAL" time="0.8">
  <properties/>
  <testcase name="whenStateFromDB_CountRetrieved_ShouldReturnTrue()" classname="addressbook.AddressBookTest" time="0.8"/>
  <system-out><![CDATA[Connecting to database:jdbc:mysql://localhost:3306/Address_book_serviceDB
Connection is successful!!!com.mysql.cj.jdbc.ConnectionImpl@3873cfad
[Contact [firstName=Radha, lastName=Pandey, Address=Gandhi nagar, city=Bhandara, state=Karnataka, pincode=600200, MobileNo=9090989898]
]
]]></system-out>
  <system-err><![CDATA[]]></system-err>
</testsuite>
