<?xml version="1.0" encoding="UTF-8"?>
<testsuite name="addressbook.AddressBookTest" tests="1" skipped="0" failures="0" errors="0" timestamp="2021-05-15T15:15:20" hostname="MRUNAL" time="0.843">
  <properties/>
  <testcase name="whenStateFromDB_CountRetrieved_ShouldReturnTrue()" classname="addressbook.AddressBookTest" time="0.843"/>
  <system-out><![CDATA[Connecting to database:jdbc:mysql://localhost:3306/Address_book_serviceDB
Connection is successful!!!com.mysql.cj.jdbc.ConnectionImpl@55e75f56
[Contact [firstName=Radha, lastName=Pandey, Address=Gandhi nagar, city=Bhandara, state=Karnataka, pincode=600200, MobileNo=9090989898]
]
Connecting to database:jdbc:mysql://localhost:3306/Address_book_serviceDB
Connection is successful!!!com.mysql.cj.jdbc.ConnectionImpl@3e1f5821
[Contact [firstName=Mugdha, lastName=Bante, Address=Ram Nagar, city=Nagpur, state=MH, pincode=600200, MobileNo=8090989898]
, Contact [firstName=Rishabh, lastName=pawar, Address=Shivaji nagar, city=PUNE, state=MH, pincode=600200, MobileNo=9090989898]
]
]]></system-out>
  <system-err><![CDATA[]]></system-err>
</testsuite>
